Exception on /result [POST]
Traceback (most recent call last):
  File "/usr/local/lib/python2.7/dist-packages/Flask-0.8-py2.7.egg/flask/app.py", line 1504, in wsgi_app
    response = self.full_dispatch_request()
  File "/usr/local/lib/python2.7/dist-packages/Flask-0.8-py2.7.egg/flask/app.py", line 1264, in full_dispatch_request
    rv = self.handle_user_exception(e)
  File "/usr/local/lib/python2.7/dist-packages/Flask-0.8-py2.7.egg/flask/app.py", line 1262, in full_dispatch_request
    rv = self.dispatch_request()
  File "/usr/local/lib/python2.7/dist-packages/Flask-0.8-py2.7.egg/flask/app.py", line 1248, in dispatch_request
    return self.view_functions[rule.endpoint](**req.view_args)
  File "/home/adam/PBJ/httpserv.py", line 53, in result
    app.window.updateResult(url)
  File "main.py", line 46, in updateResult
    wxMutexGuiEnter();
NameError: global name 'wxMutexGuiEnter' is not defined
Exception on /result [POST]
Traceback (most recent call last):
  File "/usr/local/lib/python2.7/dist-packages/Flask-0.8-py2.7.egg/flask/app.py", line 1504, in wsgi_app
    response = self.full_dispatch_request()
  File "/usr/local/lib/python2.7/dist-packages/Flask-0.8-py2.7.egg/flask/app.py", line 1264, in full_dispatch_request
    rv = self.handle_user_exception(e)
  File "/usr/local/lib/python2.7/dist-packages/Flask-0.8-py2.7.egg/flask/app.py", line 1262, in full_dispatch_request
    rv = self.dispatch_request()
  File "/usr/local/lib/python2.7/dist-packages/Flask-0.8-py2.7.egg/flask/app.py", line 1248, in dispatch_request
    return self.view_functions[rule.endpoint](**req.view_args)
  File "/home/adam/PBJ/httpserv.py", line 53, in result
    app.window.updateResult(url)
  File "main.py", line 46, in updateResult
    wxMutexGuiEnter()
NameError: global name 'wxMutexGuiEnter' is not defined
Exception on /result [POST]
Traceback (most recent call last):
  File "/usr/local/lib/python2.7/dist-packages/Flask-0.8-py2.7.egg/flask/app.py", line 1504, in wsgi_app
    response = self.full_dispatch_request()
  File "/usr/local/lib/python2.7/dist-packages/Flask-0.8-py2.7.egg/flask/app.py", line 1264, in full_dispatch_request
    rv = self.handle_user_exception(e)
  File "/usr/local/lib/python2.7/dist-packages/Flask-0.8-py2.7.egg/flask/app.py", line 1262, in full_dispatch_request
    rv = self.dispatch_request()
  File "/usr/local/lib/python2.7/dist-packages/Flask-0.8-py2.7.egg/flask/app.py", line 1248, in dispatch_request
    return self.view_functions[rule.endpoint](**req.view_args)
  File "/home/adam/PBJ/httpserv.py", line 53, in result
    app.window.updateResult(url)
  File "main.py", line 46, in updateResult
    wx.wxMutexGuiEnter()
AttributeError: 'module' object has no attribute 'wxMutexGuiEnter'
Exception on /result [POST]
Traceback (most recent call last):
  File "/usr/local/lib/python2.7/dist-packages/Flask-0.8-py2.7.egg/flask/app.py", line 1504, in wsgi_app
    response = self.full_dispatch_request()
  File "/usr/local/lib/python2.7/dist-packages/Flask-0.8-py2.7.egg/flask/app.py", line 1264, in full_dispatch_request
    rv = self.handle_user_exception(e)
  File "/usr/local/lib/python2.7/dist-packages/Flask-0.8-py2.7.egg/flask/app.py", line 1262, in full_dispatch_request
    rv = self.dispatch_request()
  File "/usr/local/lib/python2.7/dist-packages/Flask-0.8-py2.7.egg/flask/app.py", line 1248, in dispatch_request
    return self.view_functions[rule.endpoint](**req.view_args)
  File "/home/adam/PBJ/httpserv.py", line 53, in result
    app.window.updateResult(url)
  File "main.py", line 46, in updateResult
    self.wxMutexGuiEnter()
AttributeError: 'MainWindow' object has no attribute 'wxMutexGuiEnter'
